<?xml version="1.0" encoding="UTF-8"?>
<coverage generated="1780734925705" clover="3.2.0">
  <project timestamp="1780734925706" name="All files">
    <metrics statements="17" coveredstatements="16" conditionals="15" coveredconditionals="13" methods="6" coveredmethods="6" elements="38" coveredelements="35" complexity="0" loc="17" ncloc="17" packages="1" files="2" classes="2"/>
    <file name="AuthService.js" path="C:\Users\lucas\game-tournament-planner\GameTournamentPlannerFrontEnd\src\Services\AuthService.js">
      <metrics statements="14" coveredstatements="14" conditionals="8" coveredconditionals="7" methods="5" coveredmethods="5"/>
      <line num="4" count="2" type="stmt"/>
      <line num="12" count="2" type="stmt"/>
      <line num="14" count="2" type="cond" truecount="2" falsecount="0"/>
      <line num="15" count="1" type="cond" truecount="1" falsecount="1"/>
      <line num="18" count="1" type="stmt"/>
      <line num="22" count="3" type="stmt"/>
      <line num="28" count="3" type="stmt"/>
      <line num="30" count="3" type="cond" truecount="2" falsecount="0"/>
      <line num="31" count="2" type="cond" truecount="2" falsecount="0"/>
      <line num="34" count="1" type="stmt"/>
      <line num="38" count="1" type="stmt"/>
      <line num="42" count="1" type="stmt"/>
      <line num="46" count="1" type="stmt"/>
      <line num="47" count="1" type="stmt"/>
    </file>
    <file name="sanitizeUser.js" path="C:\Users\lucas\game-tournament-planner\GameTournamentPlannerFrontEnd\src\Services\sanitizeUser.js">
      <metrics statements="3" coveredstatements="2" conditionals="7" coveredconditionals="6" methods="1" coveredmethods="1"/>
      <line num="2" count="1" type="cond" truecount="1" falsecount="1"/>
      <line num="9" count="0" type="stmt"/>
      <line num="12" count="1" type="stmt"/>
    </file>
  </project>
</coverage>
