{"C:\\Users\\lucas\\game-tournament-planner\\GameTournamentPlannerFrontEnd\\src\\Services\\AuthService.js": {"path":"C:\\Users\\lucas\\game-tournament-planner\\GameTournamentPlannerFrontEnd\\src\\Services\\AuthService.js","statementMap":{"0":{"start":{"line":4,"column":19},"end":{"line":10,"column":4}},"1":{"start":{"line":12,"column":17},"end":{"line":12,"column":38}},"2":{"start":{"line":14,"column":2},"end":{"line":16,"column":3}},"3":{"start":{"line":15,"column":4},"end":{"line":15,"column":62}},"4":{"start":{"line":18,"column":2},"end":{"line":18,"column":16}},"5":{"start":{"line":22,"column":19},"end":{"line":26,"column":4}},"6":{"start":{"line":28,"column":17},"end":{"line":28,"column":38}},"7":{"start":{"line":30,"column":2},"end":{"line":32,"column":3}},"8":{"start":{"line":31,"column":4},"end":{"line":31,"column":55}},"9":{"start":{"line":34,"column":2},"end":{"line":34,"column":30}},"10":{"start":{"line":38,"column":2},"end":{"line":38,"column":39}},"11":{"start":{"line":42,"column":2},"end":{"line":42,"column":50}},"12":{"start":{"line":46,"column":2},"end":{"line":46,"column":35}},"13":{"start":{"line":47,"column":2},"end":{"line":47,"column":34}}},"fnMap":{"0":{"name":"registerUser","decl":{"start":{"line":3,"column":22},"end":{"line":3,"column":34}},"loc":{"start":{"line":3,"column":41},"end":{"line":19,"column":1}},"line":3},"1":{"name":"loginUser","decl":{"start":{"line":21,"column":22},"end":{"line":21,"column":31}},"loc":{"start":{"line":21,"column":38},"end":{"line":35,"column":1}},"line":21},"2":{"name":"getToken","decl":{"start":{"line":37,"column":16},"end":{"line":37,"column":24}},"loc":{"start":{"line":37,"column":27},"end":{"line":39,"column":1}},"line":37},"3":{"name":"getCurrentUser","decl":{"start":{"line":41,"column":16},"end":{"line":41,"column":30}},"loc":{"start":{"line":41,"column":33},"end":{"line":43,"column":1}},"line":41},"4":{"name":"logout","decl":{"start":{"line":45,"column":16},"end":{"line":45,"column":22}},"loc":{"start":{"line":45,"column":25},"end":{"line":48,"column":null}},"line":45}},"branchMap":{"0":{"loc":{"start":{"line":14,"column":2},"end":{"line":16,"column":3}},"type":"if","locations":[{"start":{"line":14,"column":2},"end":{"line":16,"column":3}},{"start":{},"end":{}}],"line":14},"1":{"loc":{"start":{"line":15,"column":20},"end":{"line":15,"column":60}},"type":"binary-expr","locations":[{"start":{"line":15,"column":20},"end":{"line":15,"column":34}},{"start":{"line":15,"column":38},"end":{"line":15,"column":60}}],"line":15},"2":{"loc":{"start":{"line":30,"column":2},"end":{"line":32,"column":3}},"type":"if","locations":[{"start":{"line":30,"column":2},"end":{"line":32,"column":3}},{"start":{},"end":{}}],"line":30},"3":{"loc":{"start":{"line":31,"column":20},"end":{"line":31,"column":53}},"type":"binary-expr","locations":[{"start":{"line":31,"column":20},"end":{"line":31,"column":34}},{"start":{"line":31,"column":38},"end":{"line":31,"column":53}}],"line":31}},"s":{"0":2,"1":2,"2":2,"3":1,"4":1,"5":3,"6":3,"7":3,"8":2,"9":1,"10":1,"11":1,"12":1,"13":1},"f":{"0":2,"1":3,"2":1,"3":1,"4":1},"b":{"0":[1,1],"1":[1,0],"2":[2,1],"3":[2,1]},"meta":{"lastBranch":4,"lastFunction":5,"lastStatement":14,"seen":{"f:3:22:3:34":0,"s:4:19:10:4":0,"s:12:17:12:38":1,"b:14:2:16:3:undefined:undefined:undefined:undefined":0,"s:14:2:16:3":2,"s:15:4:15:62":3,"b:15:20:15:34:15:38:15:60":1,"s:18:2:18:16":4,"f:21:22:21:31":1,"s:22:19:26:4":5,"s:28:17:28:38":6,"b:30:2:32:3:undefined:undefined:undefined:undefined":2,"s:30:2:32:3":7,"s:31:4:31:55":8,"b:31:20:31:34:31:38:31:53":3,"s:34:2:34:30":9,"f:37:16:37:24":2,"s:38:2:38:39":10,"f:41:16:41:30":3,"s:42:2:42:50":11,"f:45:16:45:22":4,"s:46:2:46:35":12,"s:47:2:47:34":13}}}
,"C:\\Users\\lucas\\game-tournament-planner\\GameTournamentPlannerFrontEnd\\src\\Services\\sanitizeUser.js": {"path":"C:\\Users\\lucas\\game-tournament-planner\\GameTournamentPlannerFrontEnd\\src\\Services\\sanitizeUser.js","statementMap":{"0":{"start":{"line":2,"column":2},"end":{"line":10,"column":3}},"1":{"start":{"line":9,"column":4},"end":{"line":9,"column":43}},"2":{"start":{"line":12,"column":2},"end":{"line":17,"column":5}}},"fnMap":{"0":{"name":"sanitizeUser","decl":{"start":{"line":1,"column":16},"end":{"line":1,"column":28}},"loc":{"start":{"line":1,"column":35},"end":{"line":18,"column":null}},"line":1}},"branchMap":{"0":{"loc":{"start":{"line":2,"column":2},"end":{"line":10,"column":3}},"type":"if","locations":[{"start":{"line":2,"column":2},"end":{"line":10,"column":3}},{"start":{},"end":{}}],"line":2},"1":{"loc":{"start":{"line":3,"column":4},"end":{"line":7,"column":41}},"type":"binary-expr","locations":[{"start":{"line":3,"column":4},"end":{"line":3,"column":9}},{"start":{"line":4,"column":4},"end":{"line":4,"column":34}},{"start":{"line":5,"column":4},"end":{"line":5,"column":31}},{"start":{"line":6,"column":4},"end":{"line":6,"column":33}},{"start":{"line":7,"column":4},"end":{"line":7,"column":41}}],"line":3}},"s":{"0":1,"1":0,"2":1},"f":{"0":1},"b":{"0":[0,1],"1":[1,1,1,1,1]},"meta":{"lastBranch":2,"lastFunction":1,"lastStatement":3,"seen":{"f:1:16:1:28":0,"b:2:2:10:3:undefined:undefined:undefined:undefined":0,"s:2:2:10:3":0,"b:3:4:3:9:4:4:4:34:5:4:5:31:6:4:6:33:7:4:7:41":1,"s:9:4:9:43":1,"s:12:2:17:5":2}}}
}
