TN:
SF:src\Services\AuthService.js
FN:3,registerUser
FN:21,loginUser
FN:37,getToken
FN:41,getCurrentUser
FN:45,logout
FNF:5
FNH:5
FNDA:2,registerUser
FNDA:3,loginUser
FNDA:1,getToken
FNDA:1,getCurrentUser
FNDA:1,logout
DA:4,2
DA:12,2
DA:14,2
DA:15,1
DA:18,1
DA:22,3
DA:28,3
DA:30,3
DA:31,2
DA:34,1
DA:38,1
DA:42,1
DA:46,1
DA:47,1
LF:14
LH:14
BRDA:14,0,0,1
BRDA:14,0,1,1
BRDA:15,1,0,1
BRDA:15,1,1,0
BRDA:30,2,0,2
BRDA:30,2,1,1
BRDA:31,3,0,2
BRDA:31,3,1,1
BRF:8
BRH:7
end_of_record
TN:
SF:src\Services\sanitizeUser.js
FN:1,sanitizeUser
FNF:1
FNH:1
FNDA:3,sanitizeUser
DA:2,3
DA:9,1
DA:12,2
LF:3
LH:3
BRDA:2,0,0,1
BRDA:2,0,1,2
BRDA:3,1,0,3
BRDA:3,1,1,3
BRDA:3,1,2,2
BRDA:3,1,3,2
BRDA:3,1,4,2
BRF:7
BRH:7
end_of_record
TN:
SF:src\Validators\registerValidator
FN:1,validateRegister
FNF:1
FNH:1
FNDA:5,validateRegister
DA:2,5
DA:3,1
DA:6,4
DA:7,1
DA:10,3
DA:11,1
DA:14,2
DA:15,1
DA:18,1
LF:9
LH:9
BRDA:2,0,0,1
BRDA:2,0,1,4
BRDA:6,1,0,1
BRDA:6,1,1,3
BRDA:10,2,0,1
BRDA:10,2,1,2
BRDA:14,3,0,1
BRDA:14,3,1,1
BRF:8
BRH:8
end_of_record
TN:
SF:src\Validators\tournamentValidator.js
FN:1,validateTournament
FNF:1
FNH:1
FNDA:6,validateTournament
DA:2,6
DA:3,1
DA:6,5
DA:7,0
DA:10,5
DA:11,1
DA:14,4
DA:15,1
DA:18,3
DA:19,1
DA:22,2
DA:23,1
DA:26,1
LF:13
LH:12
BRDA:2,0,0,1
BRDA:2,0,1,5
BRDA:6,1,0,0
BRDA:6,1,1,5
BRDA:10,2,0,1
BRDA:10,2,1,4
BRDA:14,3,0,1
BRDA:14,3,1,3
BRDA:18,4,0,1
BRDA:18,4,1,2
BRDA:22,5,0,1
BRDA:22,5,1,1
BRF:12
BRH:11
end_of_record
