TN:
SF:src\App.jsx
FN:7,App
FNF:1
FNH:0
FNDA:0,App
DA:8,0
LF:1
LH:0
BRF:0
BRH:0
end_of_record
TN:
SF:src\main.jsx
FNF:0
FNH:0
DA:6,0
LF:1
LH:0
BRF:0
BRH:0
end_of_record
TN:
SF:src\Components\TournamentItem.jsx
FN:4,TournamentItem
FN:7,(anonymous_1)
FN:8,(anonymous_2)
FNF:3
FNH:0
FNDA:0,TournamentItem
FNDA:0,(anonymous_1)
FNDA:0,(anonymous_2)
DA:5,0
DA:7,0
DA:8,0
DA:9,0
DA:10,0
DA:11,0
DA:13,0
DA:17,0
DA:20,0
LF:9
LH:0
BRDA:25,0,0,0
BRDA:25,0,1,0
BRDA:28,1,0,0
BRDA:28,1,1,0
BRF:4
BRH:0
end_of_record
TN:
SF:src\Pages\Home.jsx
FN:17,Home
FN:29,(anonymous_1)
FN:30,loadTournaments
FN:42,(anonymous_3)
FN:53,(anonymous_4)
FN:60,(anonymous_5)
FN:80,(anonymous_6)
FN:108,(anonymous_7)
FN:114,(anonymous_8)
FN:121,(anonymous_9)
FN:129,(anonymous_10)
FN:134,(anonymous_11)
FN:138,(anonymous_12)
FN:169,(anonymous_13)
FNF:14
FNH:14
FNDA:104,Home
FNDA:7,(anonymous_1)
FNDA:7,loadTournaments
FNDA:28,(anonymous_3)
FNDA:3,(anonymous_4)
FNDA:3,(anonymous_5)
FNDA:1,(anonymous_6)
FNDA:20,(anonymous_7)
FNDA:6,(anonymous_8)
FNDA:4,(anonymous_9)
FNDA:28,(anonymous_10)
FNDA:52,(anonymous_11)
FNDA:3,(anonymous_12)
FNDA:3,(anonymous_13)
DA:18,104
DA:20,104
DA:21,104
DA:22,104
DA:23,104
DA:25,104
DA:26,104
DA:27,104
DA:29,104
DA:31,7
DA:32,7
DA:33,7
DA:35,0
DA:39,7
DA:42,104
DA:43,28
DA:45,28
DA:46,28
DA:47,28
DA:49,0
DA:53,104
DA:54,3
DA:55,3
DA:56,3
DA:57,3
DA:60,104
DA:61,3
DA:68,3
DA:70,3
DA:71,1
DA:72,1
DA:75,2
DA:76,2
DA:80,1
DA:85,1
DA:86,1
DA:87,1
DA:88,1
DA:89,1
DA:90,1
DA:93,1
DA:94,1
DA:97,104
DA:108,20
DA:114,6
DA:121,4
DA:129,28
DA:134,52
DA:138,3
DA:169,3
LF:50
LH:48
BRDA:70,0,0,1
BRDA:70,0,1,2
BRDA:132,1,0,104
BRDA:132,1,1,52
BRDA:149,2,0,104
BRDA:149,2,1,3
BRDA:165,3,0,102
BRDA:165,3,1,2
BRF:8
BRH:8
end_of_record
TN:
SF:src\Pages\Login.jsx
FN:7,Login
FN:12,(anonymous_1)
FN:59,(anonymous_2)
FN:71,(anonymous_3)
FNF:4
FNH:4
FNDA:70,Login
FNDA:3,(anonymous_1)
FNDA:39,(anonymous_2)
FNDA:21,(anonymous_3)
DA:8,70
DA:9,70
DA:10,70
DA:12,70
DA:13,3
DA:15,3
DA:17,3
DA:22,3
DA:24,3
DA:25,1
DA:26,1
DA:29,2
DA:30,2
DA:32,1
DA:34,1
DA:40,1
DA:42,1
DA:46,70
DA:59,39
DA:71,21
LF:20
LH:20
BRDA:24,0,0,1
BRDA:24,0,1,2
BRDA:42,1,0,1
BRDA:42,1,1,0
BRDA:80,2,0,70
BRDA:80,2,1,3
BRF:6
BRH:5
end_of_record
TN:
SF:src\Pages\Register.jsx
FN:7,Register
FN:13,(anonymous_1)
FN:58,(anonymous_2)
FN:70,(anonymous_3)
FN:82,(anonymous_4)
FNF:5
FNH:5
FNDA:79,Register
FNDA:3,(anonymous_1)
FNDA:12,(anonymous_2)
FNDA:39,(anonymous_3)
FNDA:18,(anonymous_4)
DA:8,79
DA:9,79
DA:10,79
DA:11,79
DA:13,79
DA:14,3
DA:16,3
DA:18,3
DA:24,3
DA:26,3
DA:27,1
DA:28,1
DA:31,2
DA:32,2
DA:34,1
DA:36,3
DA:37,3
DA:38,3
DA:40,1
DA:41,1
DA:45,79
DA:58,12
DA:70,39
DA:82,18
LF:24
LH:24
BRDA:26,0,0,1
BRDA:26,0,1,2
BRDA:34,1,0,1
BRDA:34,1,1,0
BRDA:89,2,0,79
BRDA:89,2,1,3
BRF:6
BRH:5
end_of_record
TN:
SF:src\Services\AuthService.js
FN:3,registerUser
FN:21,loginUser
FN:37,getToken
FN:41,getCurrentUser
FN:45,logout
FNF:5
FNH:5
FNDA:2,registerUser
FNDA:3,loginUser
FNDA:1,getToken
FNDA:1,getCurrentUser
FNDA:1,logout
DA:4,2
DA:12,2
DA:14,2
DA:15,1
DA:18,1
DA:22,3
DA:28,3
DA:30,3
DA:31,2
DA:34,1
DA:38,1
DA:42,1
DA:46,1
DA:47,1
LF:14
LH:14
BRDA:14,0,0,1
BRDA:14,0,1,1
BRDA:15,1,0,1
BRDA:15,1,1,0
BRDA:30,2,0,2
BRDA:30,2,1,1
BRDA:31,3,0,2
BRDA:31,3,1,1
BRF:8
BRH:7
end_of_record
TN:
SF:src\Services\RAWGService.js
FN:5,searchGames
FN:23,getGameDetails
FNF:2
FNH:2
FNDA:3,searchGames
FNDA:4,getGameDetails
DA:1,1
DA:3,1
DA:6,3
DA:7,1
DA:10,2
DA:14,2
DA:15,1
DA:18,1
DA:20,1
DA:24,4
DA:26,4
DA:27,2
DA:30,2
DA:34,2
DA:35,1
DA:38,1
LF:16
LH:16
BRDA:6,0,0,1
BRDA:6,0,1,2
BRDA:14,1,0,1
BRDA:14,1,1,1
BRDA:26,2,0,2
BRDA:26,2,1,2
BRDA:26,3,0,4
BRDA:26,3,1,3
BRDA:34,4,0,1
BRDA:34,4,1,1
BRF:10
BRH:10
end_of_record
TN:
SF:src\Services\TournamentService.js
FN:6,getTournaments
FN:25,createTournament
FNF:2
FNH:2
FNDA:2,getTournaments
FNDA:3,createTournament
DA:1,1
DA:7,2
DA:9,2
DA:18,2
DA:19,1
DA:22,1
DA:26,3
DA:28,3
DA:37,3
DA:39,3
DA:40,2
DA:43,1
LF:12
LH:12
BRDA:18,0,0,1
BRDA:18,0,1,1
BRDA:39,1,0,2
BRDA:39,1,1,1
BRDA:40,2,0,2
BRDA:40,2,1,1
BRF:6
BRH:6
end_of_record
TN:
SF:src\Services\sanitizeUser.js
FN:1,sanitizeUser
FNF:1
FNH:1
FNDA:3,sanitizeUser
DA:2,3
DA:9,1
DA:12,2
LF:3
LH:3
BRDA:2,0,0,1
BRDA:2,0,1,2
BRDA:3,1,0,3
BRDA:3,1,1,3
BRDA:3,1,2,2
BRDA:3,1,3,2
BRDA:3,1,4,2
BRF:7
BRH:7
end_of_record
TN:
SF:src\Validators\loginValidator.js
FN:1,validateLogin
FNF:1
FNH:1
FNDA:2,validateLogin
DA:2,2
DA:3,1
DA:6,1
DA:7,1
DA:10,0
LF:5
LH:4
BRDA:2,0,0,1
BRDA:2,0,1,1
BRDA:6,1,0,1
BRDA:6,1,1,0
BRF:4
BRH:3
end_of_record
TN:
SF:src\Validators\registerValidator.js
FN:1,validateRegister
FNF:1
FNH:1
FNDA:8,validateRegister
DA:2,8
DA:3,2
DA:6,6
DA:7,1
DA:10,5
DA:11,1
DA:14,4
DA:15,1
DA:18,3
LF:9
LH:9
BRDA:2,0,0,2
BRDA:2,0,1,6
BRDA:6,1,0,1
BRDA:6,1,1,5
BRDA:10,2,0,1
BRDA:10,2,1,4
BRDA:14,3,0,1
BRDA:14,3,1,3
BRF:8
BRH:8
end_of_record
TN:
SF:src\Validators\tournamentValidator.js
FN:1,validateTournament
FNF:1
FNH:1
FNDA:6,validateTournament
DA:2,6
DA:3,1
DA:6,5
DA:7,0
DA:10,5
DA:11,1
DA:14,4
DA:15,1
DA:18,3
DA:19,1
DA:22,2
DA:23,1
DA:26,1
LF:13
LH:12
BRDA:2,0,0,1
BRDA:2,0,1,5
BRDA:6,1,0,0
BRDA:6,1,1,5
BRDA:10,2,0,1
BRDA:10,2,1,4
BRDA:14,3,0,1
BRDA:14,3,1,3
BRDA:18,4,0,1
BRDA:18,4,1,2
BRDA:22,5,0,1
BRDA:22,5,1,1
BRF:12
BRH:11
end_of_record
